<?xml version="1.0" encoding="UTF-8"?>
<!-- Generated by org.testng.reporters.JUnitReportReporter -->
<testsuite hostname="DESKTOP-RFC9575" failures="0" tests="1" name="MfloorTest" time="0.008" errors="0" timestamp="2022-09-06T18:40:21 WIB" skipped="0">
  <testcase classname="MfloorTest" name="MathTest" time="0.008"/>
  <system-out/>
</testsuite> <!-- MfloorTest -->
