<?xml version="1.0" encoding="UTF-8"?>
<!-- Generated by org.testng.reporters.JUnitReportReporter -->
<testsuite hostname="DESKTOP-RFC9575" failures="0" tests="2" name="latihan.CekBilanganTest" time="0.003" errors="0" timestamp="2022-09-06T18:26:34 WIB" skipped="0">
  <testcase classname="latihan.CekBilanganTest" name="testBilanganGenap" time="0.001"/>
  <system-out/>
  <testcase classname="latihan.CekBilanganTest" name="testBilanganGanjil" time="0.002"/>
  <system-out/>
</testsuite> <!-- latihan.CekBilanganTest -->
