<?xml version="1.0" encoding="UTF-8"?>
<!-- Generated by org.testng.reporters.JUnitReportReporter -->
<testsuite hostname="DESKTOP-RFC9575" failures="0" tests="3" name="GeometriTest" time="0.004" errors="0" timestamp="2022-09-06T18:40:21 WIB" skipped="0">
  <testcase classname="GeometriTest" name="luasPersegiTest" time="0.001"/>
  <system-out/>
  <testcase classname="GeometriTest" name="luasSegitigaTest" time="0.002"/>
  <system-out/>
  <testcase classname="GeometriTest" name="luasTrapesiumTest" time="0.001"/>
  <system-out/>
</testsuite> <!-- GeometriTest -->
