<?xml version="1.0" encoding="UTF-8"?>
<!-- Generated by org.testng.reporters.JUnitReportReporter -->
<testsuite hostname="DESKTOP-RFC9575" failures="0" tests="1" name="Ujian.MfloorTest" time="0.001" errors="0" timestamp="2022-09-06T19:29:48 WIB" skipped="0">
  <testcase classname="Ujian.MfloorTest" name="MathTest" time="0.001"/>
  <system-out/>
</testsuite> <!-- Ujian.MfloorTest -->
