<?xml version="1.0" encoding="UTF-8"?>
<!-- Generated by org.testng.reporters.JUnitReportReporter -->
<testsuite hostname="DESKTOP-RFC9575" failures="0" tests="1" name="Ujian.WrapperTest" time="0.008" errors="0" timestamp="2022-09-06T19:29:48 WIB" skipped="0">
  <testcase classname="Ujian.WrapperTest" name="inputDataTest" time="0.008"/>
  <system-out/>
</testsuite> <!-- Ujian.WrapperTest -->
