<?xml version="1.0" encoding="UTF-8"?>
<!-- Generated by org.testng.reporters.JUnitReportReporter -->
<testsuite hostname="DESKTOP-RFC9575" failures="0" tests="3" name="Ujian.GeometriTest" time="0.023" errors="0" timestamp="2022-09-06T19:25:38 WIB" skipped="0">
  <testcase classname="Ujian.GeometriTest" name="luasPersegiTest" time="0.017"/>
  <system-out/>
  <testcase classname="Ujian.GeometriTest" name="luasSegitigaTest" time="0.004"/>
  <system-out/>
  <testcase classname="Ujian.GeometriTest" name="luasTrapesiumTest" time="0.002"/>
  <system-out/>
</testsuite> <!-- Ujian.GeometriTest -->
