<?xml version="1.0" encoding="UTF-8"?>
<!-- Generated by org.testng.reporters.JUnitReportReporter -->
<testsuite hostname="DESKTOP-RFC9575" failures="0" tests="4" name="Ujian.MatematikaTest" time="0.009" errors="0" timestamp="2022-09-06T19:29:48 WIB" skipped="0">
  <testcase classname="Ujian.MatematikaTest" name="addATest" time="0.001"/>
  <system-out/>
  <testcase classname="Ujian.MatematikaTest" name="minusTest" time="0.002"/>
  <system-out/>
  <testcase classname="Ujian.MatematikaTest" name="divisionTest" time="0.004"/>
  <system-out/>
  <testcase classname="Ujian.MatematikaTest" name="modulusTest" time="0.002"/>
  <system-out/>
</testsuite> <!-- Ujian.MatematikaTest -->
