<?xml version="1.0" encoding="UTF-8"?>
<!-- Generated by org.testng.reporters.JUnitReportReporter -->
<testsuite hostname="DESKTOP-RFC9575" failures="0" tests="1" name="MathTest" time="0.011" errors="0" timestamp="2022-09-06T17:17:30 WIB" skipped="0">
  <testcase classname="MathTest" name="MathActualTest" time="0.011"/>
  <system-out/>
</testsuite> <!-- MathTest -->
