<?xml version="1.0" encoding="UTF-8"?>
<!-- Generated by org.testng.reporters.JUnitReportReporter -->
<testsuite hostname="DESKTOP-RFC9575" failures="0" tests="4" name="MatematikaTest" time="0.006" errors="0" timestamp="2022-09-06T18:40:21 WIB" skipped="0">
  <testcase classname="MatematikaTest" name="addATest" time="0.001"/>
  <system-out/>
  <testcase classname="MatematikaTest" name="minusTest" time="0.001"/>
  <system-out/>
  <testcase classname="MatematikaTest" name="divisionTest" time="0.003"/>
  <system-out/>
  <testcase classname="MatematikaTest" name="modulusTest" time="0.001"/>
  <system-out/>
</testsuite> <!-- MatematikaTest -->
